<?xml version="1.0" encoding="UTF-8"?>
<!-- Generated by org.testng.reporters.JUnitXMLReporter -->
<testsuite ignored="0" hostname="Omar-PC" failures="1" tests="2" name="Surefire test" time="3.863" errors="0" timestamp="2023-03-31T10:48:47 BST">
  <testcase classname="com.amplience.AmplienceAPITest" name="RequestResponseDetails" time="1.024"/>
  <testcase classname="com.amplience.GitHubPageTest" name="testGitHubPage" time="0.797">
    <failure type="java.lang.AssertionError" message="expected [7] but found [6]">
      <![CDATA[java.lang.AssertionError: expected [7] but found [6]
at com.amplience.GitHubPageTest.testGitHubPage(GitHubPageTest.java:49)
at java.base/java.util.ArrayList.forEach(ArrayList.java:1511)
... Removed 38 stack frames]]>
    </failure>
  </testcase> <!-- testGitHubPage -->
</testsuite> <!-- Surefire test -->
